<?xml version="1.0" encoding="UTF-8"?>
<!-- Generated by org.testng.reporters.JUnitXMLReporter -->
<testsuite ignored="2" hostname="Aryans-MacBook-Pro.local" failures="0" tests="1" name="Default test" time="18.124" errors="0" timestamp="2025-08-28T08:10:24 IST">
  <testcase classname="Interactions.Droppable" name="verifyPreventPropogation" time="0.459"/>
  <testcase classname="Interactions.Droppable" name="verifyAcceptDroppable" time="0.0">
    <ignored/>
  </testcase> <!-- verifyAcceptDroppable -->
  <testcase classname="Interactions.Droppable" name="verifySimpleDroppable" time="0.0">
    <ignored/>
  </testcase> <!-- verifySimpleDroppable -->
</testsuite> <!-- Default test -->
