<?xml version="1.0" encoding="UTF-8"?>
<testng-results ignored="2" total="3" passed="1" failed="0" skipped="0">
  <reporter-output>
  </reporter-output>
  <suite started-at="2025-08-28T08:10:05 IST" name="Default suite" finished-at="2025-08-28T08:10:24 IST" duration-ms="18124">
    <groups>
    </groups>
    <test started-at="2025-08-28T08:10:05 IST" name="Default test" finished-at="2025-08-28T08:10:24 IST" duration-ms="18124">
      <class name="Interactions.Droppable">
        <test-method is-config="true" signature="setUp()[pri:0, instance:Interactions.Droppable@16eb3ea3]" started-at="2025-08-28T08:10:05 IST" name="setUp" finished-at="2025-08-28T08:10:23 IST" duration-ms="17353" status="PASS">
          <reporter-output>
          </reporter-output>
        </test-method> <!-- setUp -->
        <test-method signature="verifyPreventPropogation()[pri:0, instance:Interactions.Droppable@16eb3ea3]" started-at="2025-08-28T08:10:23 IST" name="verifyPreventPropogation" finished-at="2025-08-28T08:10:23 IST" duration-ms="459" status="PASS">
          <reporter-output>
          </reporter-output>
        </test-method> <!-- verifyPreventPropogation -->
        <test-method is-config="true" signature="tearDown()[pri:0, instance:Interactions.Droppable@16eb3ea3]" started-at="2025-08-28T08:10:23 IST" name="tearDown" finished-at="2025-08-28T08:10:24 IST" duration-ms="250" status="PASS">
          <reporter-output>
          </reporter-output>
        </test-method> <!-- tearDown -->
      </class> <!-- Interactions.Droppable -->
    </test> <!-- Default test -->
  </suite> <!-- Default suite -->
</testng-results>
